04-Jun-2024 13:51:06.399 정보 [main] org.apache.catalina.startup.VersionLoggerListener.log 서버 버전 이름:    Apache Tomcat/8.5.100
04-Jun-2024 13:51:06.402 정보 [main] org.apache.catalina.startup.VersionLoggerListener.log Server 빌드 시각:  Mar 19 2024 13:54:42 UTC
04-Jun-2024 13:51:06.402 정보 [main] org.apache.catalina.startup.VersionLoggerListener.log Server 버전 번호:  8.5.100.0
04-Jun-2024 13:51:06.402 정보 [main] org.apache.catalina.startup.VersionLoggerListener.log 운영체제 이름:     Mac OS X
04-Jun-2024 13:51:06.402 정보 [main] org.apache.catalina.startup.VersionLoggerListener.log 운영체제 버전:     13.5
04-Jun-2024 13:51:06.402 정보 [main] org.apache.catalina.startup.VersionLoggerListener.log 아키텍처:          aarch64
04-Jun-2024 13:51:06.402 정보 [main] org.apache.catalina.startup.VersionLoggerListener.log 자바 홈:           /Library/Java/JavaVirtualMachines/jdk-1.8.jdk/Contents/Home/jre
04-Jun-2024 13:51:06.402 정보 [main] org.apache.catalina.startup.VersionLoggerListener.log JVM 버전:          1.8.0_411-b09
04-Jun-2024 13:51:06.402 정보 [main] org.apache.catalina.startup.VersionLoggerListener.log JVM 벤더:          Oracle Corporation
04-Jun-2024 13:51:06.402 정보 [main] org.apache.catalina.startup.VersionLoggerListener.log CATALINA_BASE:     /Users/ys/Downloads/apache-tomcat-8.5.100
04-Jun-2024 13:51:06.402 정보 [main] org.apache.catalina.startup.VersionLoggerListener.log CATALINA_HOME:     /Users/ys/Downloads/apache-tomcat-8.5.100
04-Jun-2024 13:51:06.402 정보 [main] org.apache.catalina.startup.VersionLoggerListener.log 명령 행 아규먼트:  -Djava.util.logging.config.file=/Users/ys/Downloads/apache-tomcat-8.5.100/conf/logging.properties
04-Jun-2024 13:51:06.402 정보 [main] org.apache.catalina.startup.VersionLoggerListener.log 명령 행 아규먼트:  -Djava.util.logging.manager=org.apache.juli.ClassLoaderLogManager
04-Jun-2024 13:51:06.402 정보 [main] org.apache.catalina.startup.VersionLoggerListener.log 명령 행 아규먼트:  -Djdk.tls.ephemeralDHKeySize=2048
04-Jun-2024 13:51:06.402 정보 [main] org.apache.catalina.startup.VersionLoggerListener.log 명령 행 아규먼트:  -Djava.protocol.handler.pkgs=org.apache.catalina.webresources
04-Jun-2024 13:51:06.402 정보 [main] org.apache.catalina.startup.VersionLoggerListener.log 명령 행 아규먼트:  -Dorg.apache.catalina.security.SecurityListener.UMASK=0027
04-Jun-2024 13:51:06.402 정보 [main] org.apache.catalina.startup.VersionLoggerListener.log 명령 행 아규먼트:  -Dignore.endorsed.dirs=
04-Jun-2024 13:51:06.403 정보 [main] org.apache.catalina.startup.VersionLoggerListener.log 명령 행 아규먼트:  -Dcatalina.base=/Users/ys/Downloads/apache-tomcat-8.5.100
04-Jun-2024 13:51:06.403 정보 [main] org.apache.catalina.startup.VersionLoggerListener.log 명령 행 아규먼트:  -Dcatalina.home=/Users/ys/Downloads/apache-tomcat-8.5.100
04-Jun-2024 13:51:06.403 정보 [main] org.apache.catalina.startup.VersionLoggerListener.log 명령 행 아규먼트:  -Djava.io.tmpdir=/Users/ys/Downloads/apache-tomcat-8.5.100/temp
04-Jun-2024 13:51:06.403 정보 [main] org.apache.catalina.core.AprLifecycleListener.lifecycleEvent 프로덕션 환경들에서 최적의 성능을 제공하는, APR 기반 Apache Tomcat Native 라이브러리가, 다음 java.library.path에서 발견되지 않습니다: [/Users/ys/Library/Java/Extensions:/Library/Java/Extensions:/Network/Library/Java/Extensions:/System/Library/Java/Extensions:/usr/lib/java:.]
04-Jun-2024 13:51:06.520 정보 [main] org.apache.coyote.AbstractProtocol.init 프로토콜 핸들러 ["http-nio-8080"]을(를) 초기화합니다.
04-Jun-2024 13:51:06.533 정보 [main] org.apache.catalina.startup.Catalina.load Initialization processed in 342 ms
04-Jun-2024 13:51:06.571 정보 [main] org.apache.catalina.core.StandardService.startInternal 서비스 [Catalina]을(를) 시작합니다.
04-Jun-2024 13:51:06.571 정보 [main] org.apache.catalina.core.StandardEngine.startInternal 서버 엔진을 시작합니다: [Apache Tomcat/8.5.100]
04-Jun-2024 13:51:06.574 정보 [localhost-startStop-1] org.apache.catalina.startup.HostConfig.deployDirectory 웹 애플리케이션 디렉토리 [/Users/ys/Downloads/apache-tomcat-8.5.100/webapps/docs]을(를) 배치합니다.
04-Jun-2024 13:51:06.666 정보 [localhost-startStop-1] org.apache.catalina.startup.HostConfig.deployDirectory 웹 애플리케이션 디렉토리 [/Users/ys/Downloads/apache-tomcat-8.5.100/webapps/docs]에 대한 배치가 [92] 밀리초에 완료되었습니다.
04-Jun-2024 13:51:06.666 정보 [localhost-startStop-1] org.apache.catalina.startup.HostConfig.deployDirectory 웹 애플리케이션 디렉토리 [/Users/ys/Downloads/apache-tomcat-8.5.100/webapps/manager]을(를) 배치합니다.
04-Jun-2024 13:51:06.680 정보 [localhost-startStop-1] org.apache.catalina.startup.HostConfig.deployDirectory 웹 애플리케이션 디렉토리 [/Users/ys/Downloads/apache-tomcat-8.5.100/webapps/manager]에 대한 배치가 [14] 밀리초에 완료되었습니다.
04-Jun-2024 13:51:06.680 정보 [localhost-startStop-1] org.apache.catalina.startup.HostConfig.deployDirectory 웹 애플리케이션 디렉토리 [/Users/ys/Downloads/apache-tomcat-8.5.100/webapps/examples]을(를) 배치합니다.
04-Jun-2024 13:51:06.788 정보 [localhost-startStop-1] org.apache.catalina.startup.HostConfig.deployDirectory 웹 애플리케이션 디렉토리 [/Users/ys/Downloads/apache-tomcat-8.5.100/webapps/examples]에 대한 배치가 [108] 밀리초에 완료되었습니다.
04-Jun-2024 13:51:06.788 정보 [localhost-startStop-1] org.apache.catalina.startup.HostConfig.deployDirectory 웹 애플리케이션 디렉토리 [/Users/ys/Downloads/apache-tomcat-8.5.100/webapps/ROOT]을(를) 배치합니다.
04-Jun-2024 13:51:06.794 정보 [localhost-startStop-1] org.apache.catalina.startup.HostConfig.deployDirectory 웹 애플리케이션 디렉토리 [/Users/ys/Downloads/apache-tomcat-8.5.100/webapps/ROOT]에 대한 배치가 [6] 밀리초에 완료되었습니다.
04-Jun-2024 13:51:06.795 정보 [localhost-startStop-1] org.apache.catalina.startup.HostConfig.deployDirectory 웹 애플리케이션 디렉토리 [/Users/ys/Downloads/apache-tomcat-8.5.100/webapps/host-manager]을(를) 배치합니다.
04-Jun-2024 13:51:06.801 정보 [localhost-startStop-1] org.apache.catalina.startup.HostConfig.deployDirectory 웹 애플리케이션 디렉토리 [/Users/ys/Downloads/apache-tomcat-8.5.100/webapps/host-manager]에 대한 배치가 [6] 밀리초에 완료되었습니다.
04-Jun-2024 13:51:06.802 정보 [main] org.apache.coyote.AbstractProtocol.start 프로토콜 핸들러 ["http-nio-8080"]을(를) 시작합니다.
04-Jun-2024 13:51:06.807 정보 [main] org.apache.catalina.startup.Catalina.start Server startup in 274 ms
